[17-Nov-2024 16:22:13 Europe/Berlin] manage_queue.php initialized. Current date: 2024-11-17
[17-Nov-2024 16:22:13 Europe/Berlin] Queue data fetched successfully for date: 2024-11-17
[17-Nov-2024 16:22:13 Europe/Berlin] Updating queue ID: 36 to status: Finished
[17-Nov-2024 16:22:13 Europe/Berlin] Queue status updated: queue_id=36, status=Finished
[17-Nov-2024 16:22:13 Europe/Berlin] Customer ID: 20, Customer Type: Reservation
[17-Nov-2024 16:22:17 Europe/Berlin] manage_queue.php initialized. Current date: 2024-11-17
[17-Nov-2024 16:22:17 Europe/Berlin] Queue data fetched successfully for date: 2024-11-17
[17-Nov-2024 16:22:17 Europe/Berlin] Updating queue ID: 36 to status: Finished
[17-Nov-2024 16:22:17 Europe/Berlin] Queue status updated: queue_id=36, status=Finished
[17-Nov-2024 16:22:17 Europe/Berlin] Customer ID: 20, Customer Type: Reservation
[17-Nov-2024 16:22:20 Europe/Berlin] manage_queue.php initialized. Current date: 2024-11-17
[17-Nov-2024 16:22:20 Europe/Berlin] Queue data fetched successfully for date: 2024-11-17
[17-Nov-2024 16:22:20 Europe/Berlin] Updating queue ID: 36 to status: Finished
[17-Nov-2024 16:22:20 Europe/Berlin] Queue status updated: queue_id=36, status=Finished
[17-Nov-2024 16:22:20 Europe/Berlin] Customer ID: 20, Customer Type: Reservation
[17-Nov-2024 16:22:23 Europe/Berlin] manage_queue.php initialized. Current date: 2024-11-17
[17-Nov-2024 16:22:23 Europe/Berlin] Queue data fetched successfully for date: 2024-11-17
[17-Nov-2024 16:22:23 Europe/Berlin] Updating queue ID: 36 to status: Serving
[17-Nov-2024 16:22:23 Europe/Berlin] Queue status updated: queue_id=36, status=Serving
[17-Nov-2024 16:22:23 Europe/Berlin] Customer ID: 20, Customer Type: Reservation
[17-Nov-2024 16:22:27 Europe/Berlin] manage_queue.php initialized. Current date: 2024-11-17
[17-Nov-2024 16:22:27 Europe/Berlin] Queue data fetched successfully for date: 2024-11-17
[17-Nov-2024 16:22:27 Europe/Berlin] Updating queue ID: 36 to status: Serving
[17-Nov-2024 16:22:27 Europe/Berlin] Queue status updated: queue_id=36, status=Serving
[17-Nov-2024 16:22:27 Europe/Berlin] Customer ID: 20, Customer Type: Reservation
[17-Nov-2024 16:23:42 Europe/Berlin] manage_queue.php initialized. Current date: 2024-11-17
[17-Nov-2024 16:23:42 Europe/Berlin] Queue data fetched successfully for date: 2024-11-17
[17-Nov-2024 16:23:42 Europe/Berlin] Updating queue ID: 36 to status: Serving
[17-Nov-2024 16:23:42 Europe/Berlin] Queue status updated: queue_id=36, status=Serving
[17-Nov-2024 16:23:42 Europe/Berlin] Customer ID: 20, Customer Type: Reservation
[17-Nov-2024 16:23:47 Europe/Berlin] manage_queue.php initialized. Current date: 2024-11-17
[17-Nov-2024 16:23:47 Europe/Berlin] Queue data fetched successfully for date: 2024-11-17
[17-Nov-2024 16:23:47 Europe/Berlin] Updating queue ID: 36 to status: Finished
[17-Nov-2024 16:23:47 Europe/Berlin] Queue status updated: queue_id=36, status=Finished
[17-Nov-2024 16:23:47 Europe/Berlin] Customer ID: 20, Customer Type: Reservation
